[16:59:19] [main/WARN]: Ambiguity between arguments [teleport, location] and [teleport, destination] with inputs: [0.1 -0.5 .9, 0 0 0]
[16:59:19] [main/WARN]: Ambiguity between arguments [teleport, location] and [teleport, targets] with inputs: [0.1 -0.5 .9, 0 0 0]
[16:59:19] [main/WARN]: Ambiguity between arguments [teleport, targets] and [teleport, destination] with inputs: [Player, 0123, dd12be42-52a9-4a91-a8a1-11c01849e498]
[16:59:19] [main/WARN]: Ambiguity between arguments [teleport, targets, location] and [teleport, targets, destination] with inputs: [0.1 -0.5 .9, 0 0 0]
[16:59:20] [Server thread/INFO]: Starting minecraft server version 1.14.4
[16:59:20] [Server thread/INFO]: Loading properties
[16:59:20] [Server console handler/ERROR]: Exception handling console input
java.io.IOException: The handle is invalid
	at java.io.FileInputStream.readBytes(Native Method) ~[?:1.8.0_45]
	at java.io.FileInputStream.read(Unknown Source) ~[?:1.8.0_45]
	at java.io.BufferedInputStream.read1(Unknown Source) ~[?:1.8.0_45]
	at java.io.BufferedInputStream.read(Unknown Source) ~[?:1.8.0_45]
	at sun.nio.cs.StreamDecoder.readBytes(Unknown Source) ~[?:1.8.0_45]
	at sun.nio.cs.StreamDecoder.implRead(Unknown Source) ~[?:1.8.0_45]
	at sun.nio.cs.StreamDecoder.read(Unknown Source) ~[?:1.8.0_45]
	at java.io.InputStreamReader.read(Unknown Source) ~[?:1.8.0_45]
	at java.io.BufferedReader.fill(Unknown Source) ~[?:1.8.0_45]
	at java.io.BufferedReader.readLine(Unknown Source) ~[?:1.8.0_45]
	at java.io.BufferedReader.readLine(Unknown Source) ~[?:1.8.0_45]
	at uk$2.run(SourceFile:109) [server.jar:?]
[16:59:20] [Server thread/INFO]: Default game type: SURVIVAL
[16:59:20] [Server thread/INFO]: Generating keypair
[16:59:20] [Server thread/INFO]: Starting Minecraft server on *:25565
[16:59:20] [Server thread/INFO]: Using default channel type
[16:59:22] [Server thread/WARN]: **** SERVER IS RUNNING IN OFFLINE/INSECURE MODE!
[16:59:22] [Server thread/WARN]: The server will make no attempt to authenticate usernames. Beware.
[16:59:22] [Server thread/WARN]: While this makes the game possible to play without internet access, it also opens up the ability for hackers to connect with any username they choose.
[16:59:22] [Server thread/WARN]: To change this, set "online-mode" to "true" in the server.properties file.
[16:59:23] [Server thread/INFO]: Preparing level "world"
[16:59:23] [Server thread/INFO]: Reloading ResourceManager: Default
[16:59:24] [Server thread/INFO]: Loaded 6 recipes
[16:59:24] [Server thread/INFO]: Loaded 811 advancements
[16:59:25] [Server thread/INFO]: Preparing start region for dimension minecraft:overworld
[16:59:26] [Server thread/INFO]: Preparing spawn area: 0%
[16:59:26] [Server thread/INFO]: Preparing spawn area: 0%
[16:59:26] [Server thread/INFO]: Preparing spawn area: 0%
[16:59:26] [Server thread/INFO]: Time elapsed: 1380 ms
[16:59:26] [Server thread/INFO]: Done (3.289s)! For help, type "help"
[17:00:46] [Server thread/INFO]: Stopping server
[17:00:46] [Server thread/INFO]: Saving players
[17:00:46] [Server thread/INFO]: Saving worlds
[17:00:46] [Server thread/INFO]: Saving chunks for level 'world'/minecraft:the_end
[17:00:46] [Server thread/INFO]: ThreadedAnvilChunkStorage (DIM1): All chunks are saved
[17:00:46] [Server thread/INFO]: Saving chunks for level 'world'/minecraft:the_nether
[17:00:46] [Server thread/INFO]: ThreadedAnvilChunkStorage (DIM-1): All chunks are saved
[17:00:46] [Server thread/INFO]: Saving chunks for level 'world'/minecraft:overworld
[17:00:48] [Server thread/INFO]: ThreadedAnvilChunkStorage (world): All chunks are saved
[17:00:48] [Server thread/INFO]: ThreadedAnvilChunkStorage (DIM1): All chunks are saved
[17:00:48] [Server thread/INFO]: ThreadedAnvilChunkStorage (DIM-1): All chunks are saved
[17:00:48] [Server thread/INFO]: ThreadedAnvilChunkStorage (world): All chunks are saved
