[17:03:19] [main/WARN]: Ambiguity between arguments [teleport, destination] and [teleport, targets] with inputs: [Player, 0123, @e, dd12be42-52a9-4a91-a8a1-11c01849e498]
[17:03:19] [main/WARN]: Ambiguity between arguments [teleport, location] and [teleport, destination] with inputs: [0.1 -0.5 .9, 0 0 0]
[17:03:19] [main/WARN]: Ambiguity between arguments [teleport, location] and [teleport, targets] with inputs: [0.1 -0.5 .9, 0 0 0]
[17:03:19] [main/WARN]: Ambiguity between arguments [teleport, targets] and [teleport, destination] with inputs: [Player, 0123, dd12be42-52a9-4a91-a8a1-11c01849e498]
[17:03:19] [main/WARN]: Ambiguity between arguments [teleport, targets, location] and [teleport, targets, destination] with inputs: [0.1 -0.5 .9, 0 0 0]
[17:03:20] [Server console handler/ERROR]: Exception handling console input
java.io.IOException: The handle is invalid
	at java.io.FileInputStream.readBytes(Native Method) ~[?:1.8.0_45]
	at java.io.FileInputStream.read(Unknown Source) ~[?:1.8.0_45]
	at java.io.BufferedInputStream.read1(Unknown Source) ~[?:1.8.0_45]
	at java.io.BufferedInputStream.read(Unknown Source) ~[?:1.8.0_45]
	at sun.nio.cs.StreamDecoder.readBytes(Unknown Source) ~[?:1.8.0_45]
	at sun.nio.cs.StreamDecoder.implRead(Unknown Source) ~[?:1.8.0_45]
	at sun.nio.cs.StreamDecoder.read(Unknown Source) ~[?:1.8.0_45]
	at java.io.InputStreamReader.read(Unknown Source) ~[?:1.8.0_45]
	at java.io.BufferedReader.fill(Unknown Source) ~[?:1.8.0_45]
	at java.io.BufferedReader.readLine(Unknown Source) ~[?:1.8.0_45]
	at java.io.BufferedReader.readLine(Unknown Source) ~[?:1.8.0_45]
	at uk$2.run(SourceFile:109) [server.jar:?]
[17:03:20] [Server thread/INFO]: Starting minecraft server version 1.14.4
[17:03:20] [Server thread/INFO]: Loading properties
[17:03:20] [Server thread/INFO]: Default game type: SURVIVAL
[17:03:20] [Server thread/INFO]: Generating keypair
[17:03:20] [Server thread/INFO]: Starting Minecraft server on *:25565
[17:03:20] [Server thread/INFO]: Using default channel type
[17:03:22] [Server thread/WARN]: **** SERVER IS RUNNING IN OFFLINE/INSECURE MODE!
[17:03:22] [Server thread/WARN]: The server will make no attempt to authenticate usernames. Beware.
[17:03:22] [Server thread/WARN]: While this makes the game possible to play without internet access, it also opens up the ability for hackers to connect with any username they choose.
[17:03:22] [Server thread/WARN]: To change this, set "online-mode" to "true" in the server.properties file.
[17:03:22] [Server thread/INFO]: Preparing level "world"
[17:03:22] [Server thread/INFO]: Reloading ResourceManager: Default
[17:03:23] [Server thread/INFO]: Loaded 6 recipes
[17:03:23] [Server thread/INFO]: Loaded 811 advancements
[17:03:24] [Server thread/INFO]: Preparing start region for dimension minecraft:overworld
[17:03:25] [Server thread/INFO]: Preparing spawn area: 0%
[17:03:25] [Server thread/INFO]: Preparing spawn area: 0%
[17:03:25] [Server thread/INFO]: Preparing spawn area: 0%
[17:03:25] [Server thread/INFO]: Time elapsed: 1295 ms
[17:03:25] [Server thread/INFO]: Done (2.673s)! For help, type "help"
[17:03:37] [Server thread/INFO]: nrohan09[/127.0.0.1:52393] logged in with entity id 253 at (-44.50441219461822, 66.0, -262.3260738035012)
[17:03:38] [Server thread/INFO]: nrohan09 joined the game
[17:04:03] [Server thread/INFO]: Electromorphous[/192.168.1.108:49657] logged in with entity id 338 at (-85.51907652525753, 62.9375, -247.58826255548027)
[17:04:03] [Server thread/INFO]: Electromorphous joined the game
[17:05:18] [Server thread/INFO]: raj[/192.168.1.105:56416] logged in with entity id 529 at (-76.09710507112364, 64.0, -249.24549368182718)
[17:05:18] [Server thread/INFO]: raj joined the game
[17:05:40] [Server thread/WARN]: Electromorphous moved too quickly! 8.809543739942043,1.0,4.814061955838497
[17:05:53] [Server thread/WARN]: raj moved too quickly! 6.191121689630208,0.0,-7.896583005991886
[17:06:06] [Server thread/INFO]: raj lost connection: Disconnected
[17:06:06] [Server thread/INFO]: raj left the game
[17:06:07] [Server thread/INFO]: Electromorphous lost connection: Timed out
[17:06:07] [Server thread/INFO]: Electromorphous left the game
[17:06:11] [Server thread/INFO]: raj[/192.168.1.105:56424] logged in with entity id 632 at (-56.851777074820795, 67.0, -270.0850173639883)
[17:06:11] [Server thread/INFO]: raj joined the game
[17:06:37] [Server thread/WARN]: raj moved too quickly! -2.262081421595717,0.0,-9.94409450801669
[17:06:46] [Server thread/INFO]: raj lost connection: Disconnected
[17:06:46] [Server thread/INFO]: raj left the game
[17:07:02] [Server thread/INFO]: Electromorphous[/192.168.1.108:49807] logged in with entity id 800 at (-65.64619811945684, 65.0, -242.97953734337153)
[17:07:02] [Server thread/INFO]: Electromorphous joined the game
[17:07:24] [Server thread/INFO]: Electromorphous lost connection: Disconnected
[17:07:24] [Server thread/INFO]: Electromorphous left the game
[17:08:28] [Server thread/WARN]: Can't keep up! Is the server overloaded? Running 2960ms or 59 ticks behind
[17:09:14] [Server thread/INFO]: nrohan09 lost connection: Disconnected
[17:09:14] [Server thread/INFO]: nrohan09 left the game
[17:10:15] [Server thread/INFO]: nrohan09[/127.0.0.1:53312] logged in with entity id 1072 at (-35.69999998807907, 66.0, -270.86243151747044)
[17:10:15] [Server thread/INFO]: nrohan09 joined the game
[17:10:49] [Server thread/INFO]: Electromorphous[/192.168.1.125:49932] logged in with entity id 1164 at (-52.10273300286494, 72.0, -229.71694721527365)
[17:10:49] [Server thread/INFO]: Electromorphous joined the game
[17:10:53] [Server thread/INFO]: Electromorphous was slain by Zombie
[17:12:42] [Server thread/INFO]: raj[/192.168.1.105:49330] logged in with entity id 1487 at (-63.17080453067352, 72.0, -378.7990281833528)
[17:12:42] [Server thread/INFO]: raj joined the game
[17:13:00] [Server thread/INFO]: Electromorphous was slain by Zombie
[17:13:30] [Server thread/WARN]: nrohan09 moved too quickly! -0.021880644181642595,-1.0,10.100076023471388
[17:20:53] [Server thread/INFO]: <Electromorphous> t
[17:23:30] [Server thread/WARN]: nrohan09 moved too quickly! 10.085310735578629,0.0,0.8275756656058775
[17:23:30] [Server thread/WARN]: Can't keep up! Is the server overloaded? Running 2554ms or 51 ticks behind
[17:28:12] [Server thread/INFO]: raj lost connection: Disconnected
[17:28:12] [Server thread/INFO]: raj left the game
[17:29:08] [Server thread/INFO]: raj[/192.168.1.105:49355] logged in with entity id 5641 at (1.5344410943108724, 83.0, -1187.2542235773149)
[17:29:08] [Server thread/INFO]: raj joined the game
[17:29:11] [Server thread/INFO]: raj lost connection: Disconnected
[17:29:11] [Server thread/INFO]: raj left the game
[17:29:52] [Server thread/INFO]: raj[/192.168.1.105:49363] logged in with entity id 5909 at (1.5344410943108724, 83.0, -1187.2542235773149)
[17:29:52] [Server thread/INFO]: raj joined the game
[17:33:35] [Server thread/WARN]: raj moved too quickly! 0.002355385035762936,-1.0,-10.221150895356686
[17:33:35] [Server thread/WARN]: nrohan09 moved too quickly! -7.899135789966607,2.2468000194787976,5.725128026311154
[17:33:35] [Server thread/WARN]: Can't keep up! Is the server overloaded? Running 4682ms or 93 ticks behind
[17:34:17] [Server thread/WARN]: Can't keep up! Is the server overloaded? Running 2023ms or 40 ticks behind
[17:34:34] [Server thread/WARN]: Can't keep up! Is the server overloaded? Running 2047ms or 40 ticks behind
[17:38:46] [Server thread/WARN]: raj moved too quickly! -7.0785619255231325,-2.414543784505355,-6.904440746904584
[17:38:47] [Server thread/WARN]: Can't keep up! Is the server overloaded? Running 7428ms or 148 ticks behind
[17:40:03] [Server thread/INFO]: raj lost connection: Disconnected
[17:40:03] [Server thread/INFO]: raj left the game
[17:40:06] [Server thread/INFO]: nrohan09 lost connection: Disconnected
[17:40:06] [Server thread/INFO]: nrohan09 left the game
[17:40:19] [Server thread/INFO]: nrohan09[/127.0.0.1:60420] logged in with entity id 11090 at (-25.584904869234343, 11.0, -142.93037123656276)
[17:40:19] [Server thread/INFO]: nrohan09 joined the game
[17:40:21] [Server thread/INFO]: raj[/192.168.1.105:49372] logged in with entity id 11127 at (-236.2922753269633, 64.0, -2219.100005423989)
[17:40:21] [Server thread/INFO]: raj joined the game
[17:41:12] [Server thread/INFO]: rafaath[/192.168.1.130:50680] logged in with entity id 11820 at (-149.52016769242655, 11.0, -457.69999998807907)
[17:41:12] [Server thread/INFO]: rafaath joined the game
[17:42:47] [Server thread/WARN]: Can't keep up! Is the server overloaded? Running 2008ms or 40 ticks behind
[17:43:04] [Server thread/WARN]: Can't keep up! Is the server overloaded? Running 2538ms or 50 ticks behind
[17:43:58] [Server thread/WARN]: nrohan09 moved too quickly! 0.0223276850828924,0.0,-10.102071642306228
[17:43:58] [Server thread/WARN]: Can't keep up! Is the server overloaded? Running 7302ms or 146 ticks behind
[17:43:58] [Server thread/WARN]: Electromorphous moved wrongly!
[17:48:40] [Server thread/INFO]: Electromorphous lost connection: Disconnected
[17:48:40] [Server thread/INFO]: Electromorphous left the game
[17:49:05] [Server thread/WARN]: Can't keep up! Is the server overloaded? Running 7207ms or 144 ticks behind
[17:50:10] [Server thread/INFO]: Electromorphous[/192.168.1.125:50131] logged in with entity id 16655 at (-53.514497965501114, 72.0, -227.60254550204886)
[17:50:10] [Server thread/INFO]: Electromorphous joined the game
[17:50:24] [Server thread/INFO]: Electromorphous lost connection: Disconnected
[17:50:24] [Server thread/INFO]: Electromorphous left the game
[17:51:20] [Server thread/INFO]: Electromorphous[/192.168.1.125:50203] logged in with entity id 17189 at (-52.070350473452706, 72.0, -230.78897870917575)
[17:51:20] [Server thread/INFO]: Electromorphous joined the game
[17:51:33] [Server thread/INFO]: raj lost connection: Disconnected
[17:51:33] [Server thread/INFO]: raj left the game
[17:51:39] [Server thread/INFO]: rafaath lost connection: Disconnected
[17:51:39] [Server thread/INFO]: rafaath left the game
[17:51:39] [Server thread/INFO]: nrohan09 lost connection: Disconnected
[17:51:39] [Server thread/INFO]: nrohan09 left the game
[17:51:48] [Server thread/INFO]: raj[/192.168.1.105:49382] logged in with entity id 17354 at (-10.34183481760764, 71.0, -3028.5474077980275)
[17:51:48] [Server thread/INFO]: raj joined the game
[17:51:49] [Server thread/INFO]: nrohan09[/127.0.0.1:62727] logged in with entity id 17383 at (-26.699999988079064, 12.0, -224.21755159404142)
[17:51:49] [Server thread/INFO]: nrohan09 joined the game
[17:51:51] [Server thread/INFO]: rafaath[/192.168.1.130:50718] logged in with entity id 17529 at (-149.69595388983998, 11.0, -578.3398333786943)
[17:51:51] [Server thread/INFO]: rafaath joined the game
[17:52:32] [Server thread/WARN]: Can't keep up! Is the server overloaded? Running 2067ms or 41 ticks behind
[17:53:17] [Server thread/WARN]: Can't keep up! Is the server overloaded? Running 2008ms or 40 ticks behind
[17:53:34] [Server thread/WARN]: Can't keep up! Is the server overloaded? Running 2031ms or 40 ticks behind
[17:53:53] [Server thread/WARN]: Can't keep up! Is the server overloaded? Running 3464ms or 69 ticks behind
[17:54:12] [Server thread/WARN]: Can't keep up! Is the server overloaded? Running 4281ms or 85 ticks behind
[17:54:28] [Server thread/WARN]: raj moved too quickly! 2.026221957231641,0.0,-10.024816023335916
[17:54:37] [Server thread/WARN]: Can't keep up! Is the server overloaded? Running 10405ms or 208 ticks behind
[17:54:56] [Server thread/WARN]: Can't keep up! Is the server overloaded? Running 3532ms or 70 ticks behind
[17:55:15] [Server thread/WARN]: Can't keep up! Is the server overloaded? Running 4370ms or 87 ticks behind
[17:55:33] [Server thread/WARN]: Can't keep up! Is the server overloaded? Running 2249ms or 44 ticks behind
[17:55:57] [Server thread/WARN]: Can't keep up! Is the server overloaded? Running 2018ms or 40 ticks behind
[17:56:20] [Server thread/WARN]: Can't keep up! Is the server overloaded? Running 2028ms or 40 ticks behind
[17:56:40] [Server thread/WARN]: Can't keep up! Is the server overloaded? Running 4495ms or 89 ticks behind
[17:56:58] [Server thread/WARN]: Can't keep up! Is the server overloaded? Running 2710ms or 54 ticks behind
[17:57:22] [Server thread/WARN]: Can't keep up! Is the server overloaded? Running 2027ms or 40 ticks behind
[17:57:45] [Server thread/WARN]: Can't keep up! Is the server overloaded? Running 7443ms or 148 ticks behind
[17:58:05] [Server thread/WARN]: Can't keep up! Is the server overloaded? Running 5336ms or 106 ticks behind
[17:58:23] [Server thread/WARN]: Can't keep up! Is the server overloaded? Running 2010ms or 40 ticks behind
[17:58:46] [Server thread/WARN]: Can't keep up! Is the server overloaded? Running 7436ms or 148 ticks behind
[17:59:05] [Server thread/WARN]: Can't keep up! Is the server overloaded? Running 4399ms or 87 ticks behind
[17:59:24] [Server thread/WARN]: Can't keep up! Is the server overloaded? Running 3709ms or 74 ticks behind
[17:59:42] [Server thread/WARN]: Can't keep up! Is the server overloaded? Running 3451ms or 69 ticks behind
[18:00:00] [Server thread/WARN]: Can't keep up! Is the server overloaded? Running 2189ms or 43 ticks behind
[18:00:18] [Server thread/WARN]: Can't keep up! Is the server overloaded? Running 3171ms or 63 ticks behind
[18:00:39] [Server thread/WARN]: Electromorphous moved wrongly!
[18:00:40] [Server thread/WARN]: Can't keep up! Is the server overloaded? Running 7073ms or 141 ticks behind
[18:01:12] [Server thread/WARN]: Can't keep up! Is the server overloaded? Running 2005ms or 40 ticks behind
[18:01:22] [Server thread/INFO]: raj has made the advancement [Local Brewery]
[18:01:34] [Server thread/WARN]: Can't keep up! Is the server overloaded? Running 7224ms or 144 ticks behind
[18:01:58] [Server thread/WARN]: Can't keep up! Is the server overloaded? Running 2007ms or 40 ticks behind
[18:04:10] [Server thread/INFO]: nrohan09 lost connection: Disconnected
[18:04:10] [Server thread/INFO]: nrohan09 left the game
[18:04:10] [Server thread/INFO]: raj lost connection: Disconnected
[18:04:10] [Server thread/INFO]: raj left the game
[18:04:13] [Server thread/INFO]: rafaath lost connection: Disconnected
[18:04:13] [Server thread/INFO]: rafaath left the game
[18:04:23] [Server thread/INFO]: nrohan09[/127.0.0.1:65502] logged in with entity id 24854 at (-47.007511932491454, 66.0, -273.4075073688918)
[18:04:23] [Server thread/INFO]: nrohan09 joined the game
[18:04:27] [Server thread/INFO]: raj[/192.168.1.105:49390] logged in with entity id 24874 at (125.42700572416081, 69.0, -5262.951444116446)
[18:04:27] [Server thread/INFO]: raj joined the game
[18:04:31] [Server thread/INFO]: rafaath[/192.168.1.130:50754] logged in with entity id 24988 at (-149.69999998807907, 11.0, -314.70807903712256)
[18:04:31] [Server thread/INFO]: rafaath joined the game
[18:05:02] [Server thread/WARN]: Can't keep up! Is the server overloaded? Running 2036ms or 40 ticks behind
[18:05:19] [Server thread/WARN]: Can't keep up! Is the server overloaded? Running 2295ms or 45 ticks behind
[18:05:36] [Server thread/WARN]: Can't keep up! Is the server overloaded? Running 2690ms or 53 ticks behind
[18:06:01] [Server thread/WARN]: raj moved too quickly! 7.443794064057926,1.376735613781733,-6.900320414413727
[18:06:01] [Server thread/WARN]: Can't keep up! Is the server overloaded? Running 4626ms or 92 ticks behind
[18:08:09] [Server thread/INFO]: rafaath was slain by Zombie
[18:11:09] [Server thread/WARN]: Can't keep up! Is the server overloaded? Running 7862ms or 157 ticks behind
[18:11:09] [Server thread/WARN]: raj moved too quickly! -2.2516456198385413,0.0,-9.789339267064861
[18:11:09] [Server thread/WARN]: Electromorphous moved too quickly! 8.757691627266865,-3.8338907390617862,2.991811098218932
[18:12:22] [Server thread/WARN]: Can't keep up! Is the server overloaded? Running 2008ms or 40 ticks behind
[18:15:12] [Server thread/WARN]: Can't keep up! Is the server overloaded? Running 2029ms or 40 ticks behind
[18:15:12] [Server thread/INFO]: raj lost connection: Disconnected
[18:15:12] [Server thread/INFO]: raj left the game
[18:15:20] [Server thread/INFO]: nrohan09 lost connection: Disconnected
[18:15:20] [Server thread/INFO]: nrohan09 left the game
[18:15:29] [Server thread/INFO]: rafaath lost connection: Disconnected
[18:15:29] [Server thread/INFO]: rafaath left the game
[18:15:47] [Server thread/INFO]: raj[/192.168.1.105:49400] logged in with entity id 30103 at (-692.0266269741069, 62.07326473369119, -5685.573698766539)
[18:15:47] [Server thread/INFO]: raj joined the game
[18:15:51] [Server thread/INFO]: rafaath[/192.168.1.130:50772] logged in with entity id 30561 at (-30.69999998807907, 46.0, -228.69999998807907)
[18:15:51] [Server thread/INFO]: rafaath joined the game
[18:15:56] [Server thread/INFO]: nrohan09[/127.0.0.1:50995] logged in with entity id 30605 at (-50.88749899861801, 66.0, -279.0619144583015)
[18:15:56] [Server thread/INFO]: nrohan09 joined the game
[18:16:18] [Server thread/WARN]: Can't keep up! Is the server overloaded? Running 4430ms or 88 ticks behind
[18:18:20] [Server thread/WARN]: Can't keep up! Is the server overloaded? Running 2003ms or 40 ticks behind
[18:18:41] [Server thread/WARN]: Can't keep up! Is the server overloaded? Running 2019ms or 40 ticks behind
[18:21:26] [Server thread/WARN]: Can't keep up! Is the server overloaded? Running 4036ms or 80 ticks behind
[18:21:45] [Server thread/WARN]: Can't keep up! Is the server overloaded? Running 2029ms or 40 ticks behind
[18:22:13] [Server thread/WARN]: Can't keep up! Is the server overloaded? Running 2004ms or 40 ticks behind
[18:22:31] [Server thread/WARN]: Can't keep up! Is the server overloaded? Running 2813ms or 56 ticks behind
[18:23:39] [Server thread/WARN]: Can't keep up! Is the server overloaded? Running 2012ms or 40 ticks behind
[18:24:11] [Server thread/WARN]: Can't keep up! Is the server overloaded? Running 2003ms or 40 ticks behind
[18:25:15] [Server thread/WARN]: Can't keep up! Is the server overloaded? Running 15276ms or 305 ticks behind
[18:25:35] [Server thread/WARN]: Can't keep up! Is the server overloaded? Running 5188ms or 103 ticks behind
[18:27:03] [Server thread/WARN]: Can't keep up! Is the server overloaded? Running 5638ms or 112 ticks behind
[18:27:03] [Server thread/INFO]: nrohan09 lost connection: Disconnected
[18:27:03] [Server thread/INFO]: nrohan09 left the game
[18:27:05] [Server thread/INFO]: raj lost connection: Disconnected
[18:27:05] [Server thread/INFO]: raj left the game
[18:27:17] [Server thread/INFO]: rafaath lost connection: Disconnected
[18:27:17] [Server thread/INFO]: rafaath left the game
[18:27:23] [Server thread/INFO]: raj[/192.168.1.105:49408] logged in with entity id 37643 at (-906.4397244456316, 63.0, -6846.36538403239)
[18:27:23] [Server thread/INFO]: raj joined the game
[18:27:24] [Server thread/INFO]: nrohan09[/127.0.0.1:53244] logged in with entity id 37716 at (-50.00193262684689, 71.24918707874468, -274.94529428566904)
[18:27:24] [Server thread/INFO]: nrohan09 joined the game
[18:27:26] [Server thread/INFO]: rafaath[/192.168.1.130:50788] logged in with entity id 37874 at (-50.85443784063323, 11.0, -279.4673839826689)
[18:27:26] [Server thread/INFO]: rafaath joined the game
[18:28:40] [Server thread/WARN]: Can't keep up! Is the server overloaded? Running 2021ms or 40 ticks behind
[18:32:07] [Server thread/WARN]: Can't keep up! Is the server overloaded? Running 2602ms or 52 ticks behind
[18:32:47] [Server thread/WARN]: Can't keep up! Is the server overloaded? Running 2012ms or 40 ticks behind
[18:34:22] [Server thread/WARN]: Can't keep up! Is the server overloaded? Running 2009ms or 40 ticks behind
[18:34:39] [Server thread/WARN]: Can't keep up! Is the server overloaded? Running 2288ms or 45 ticks behind
[18:37:21] [Server thread/WARN]: raj moved too quickly! 10.020256818491646,1.7531999805212024,0.9070305698023731
[18:37:21] [Server thread/WARN]: Can't keep up! Is the server overloaded? Running 7755ms or 155 ticks behind
[18:37:21] [Server thread/WARN]: Horse (vehicle of rafaath) moved too quickly! 7.196735100327238,0.9890854526840371,-7.181934454024997
[18:37:21] [Server thread/WARN]: Horse (vehicle of rafaath) moved too quickly! 7.520090006833918,0.9890854526840371,-7.424094159533638
[18:37:21] [Server thread/WARN]: Horse (vehicle of rafaath) moved too quickly! 7.814675130434878,0.9890854526840371,-7.703986782437994
[18:37:21] [Server thread/WARN]: Horse (vehicle of rafaath) moved too quickly! 8.093866116810574,0.9890854526840371,-8.004069537127577
[18:37:21] [Server thread/WARN]: Horse (vehicle of rafaath) moved too quickly! 8.364820007283015,0.9890854526840371,-8.31495562878763
[18:37:21] [Server thread/WARN]: Horse (vehicle of rafaath) moved too quickly! 8.6313663919676,0.9890854526840371,-8.631622370665298
[18:37:21] [Server thread/WARN]: Horse (vehicle of rafaath) moved too quickly! 8.89555440818129,0.9890854526840371,-8.951382223220662
[18:37:21] [Server thread/WARN]: Horse (vehicle of rafaath) moved too quickly! 9.159257104420423,0.9890854526840371,-9.27216576450411
[18:37:21] [Server thread/WARN]: Horse (vehicle of rafaath) moved too quickly! 9.410170263416259,0.9890854526840371,-9.602917061136566
[18:38:30] [Server thread/WARN]: Can't keep up! Is the server overloaded? Running 2236ms or 44 ticks behind
[18:38:54] [Server thread/INFO]: rafaath lost connection: Disconnected
[18:38:54] [Server thread/INFO]: rafaath left the game
[18:38:54] [Server thread/WARN]: Can't keep up! Is the server overloaded? Running 2005ms or 40 ticks behind
[18:38:55] [Server thread/INFO]: nrohan09 lost connection: Disconnected
[18:38:55] [Server thread/INFO]: nrohan09 left the game
[18:38:57] [Server thread/INFO]: raj lost connection: Disconnected
[18:38:57] [Server thread/INFO]: raj left the game
[18:39:24] [Server thread/INFO]: nrohan09[/127.0.0.1:55394] logged in with entity id 45249 at (-48.3244969794915, 66.0, -275.439633269968)
[18:39:24] [Server thread/INFO]: nrohan09 joined the game
[18:39:24] [Server thread/INFO]: raj[/192.168.1.105:49419] logged in with entity id 45271 at (-161.24725970272374, 62.07326463306997, -7775.195314672151)
[18:39:24] [Server thread/INFO]: raj joined the game
[18:39:29] [Server thread/INFO]: rafaath[/192.168.1.130:50819] logged in with entity id 45457 at (-8.639575635214406, 63.0, -421.7538717285058)
[18:39:29] [Server thread/INFO]: rafaath joined the game
[18:40:03] [Server thread/WARN]: Electromorphous moved too quickly! -10.069480489561052,0.0,0.6727054704435886
[18:42:31] [Server thread/WARN]: Can't keep up! Is the server overloaded? Running 5744ms or 114 ticks behind
[18:42:31] [Server thread/WARN]: raj moved too quickly! 8.91445427361963,-1.0,4.7356862405795255
[18:43:34] [Server thread/WARN]: Can't keep up! Is the server overloaded? Running 2039ms or 40 ticks behind
[18:44:08] [Server thread/WARN]: Can't keep up! Is the server overloaded? Running 2008ms or 40 ticks behind
[18:44:09] [Server thread/INFO]: rafaath lost connection: Disconnected
[18:44:09] [Server thread/INFO]: rafaath left the game
[18:44:15] [Server thread/INFO]: rafaath[/192.168.1.130:50828] logged in with entity id 49307 at (-44.68062421294467, 70.0, -693.4361651803262)
[18:44:15] [Server thread/INFO]: rafaath joined the game
[18:45:24] [Server thread/WARN]: Can't keep up! Is the server overloaded? Running 2017ms or 40 ticks behind
[18:45:42] [Server thread/WARN]: Can't keep up! Is the server overloaded? Running 2798ms or 55 ticks behind
[18:46:00] [Server thread/WARN]: Can't keep up! Is the server overloaded? Running 3413ms or 68 ticks behind
[18:46:19] [Server thread/WARN]: Can't keep up! Is the server overloaded? Running 2012ms or 40 ticks behind
[18:46:38] [Server thread/WARN]: Can't keep up! Is the server overloaded? Running 4123ms or 82 ticks behind
[18:46:57] [Server thread/WARN]: Can't keep up! Is the server overloaded? Running 4188ms or 83 ticks behind
[18:47:16] [Server thread/WARN]: Can't keep up! Is the server overloaded? Running 3627ms or 72 ticks behind
[18:48:04] [Server thread/WARN]: Horse (vehicle of rafaath) moved too quickly! 0.17446391984925924,1.0,10.156085603929455
[18:48:04] [Server thread/WARN]: Horse (vehicle of rafaath) moved too quickly! 0.050934476266697004,1.0,10.552630612584665
[18:48:04] [Server thread/WARN]: Horse (vehicle of rafaath) moved too quickly! -0.10158633247451831,1.0,10.93774298696286
[18:48:04] [Server thread/WARN]: Horse (vehicle of rafaath) moved too quickly! -0.2709766617244611,1.0,11.316053228056148
[18:48:04] [Server thread/WARN]: Horse (vehicle of rafaath) moved too quickly! -0.44939353505666446,1.0,11.690723783248586
[18:48:04] [Server thread/WARN]: Horse (vehicle of rafaath) moved too quickly! -0.6326403321574148,1.0,12.063446815083012
[18:48:04] [Server thread/WARN]: Horse (vehicle of rafaath) moved too quickly! -0.8184715251684267,1.0,12.435127765997947
[18:48:04] [Server thread/WARN]: raj moved too quickly! 4.357415448040399,0.0,-9.098628694922809
[18:48:04] [Server thread/WARN]: Horse (vehicle of rafaath) moved too quickly! -1.0056855769037227,1.0,12.806251120189756
[18:48:04] [Server thread/WARN]: Horse (vehicle of rafaath) moved too quickly! -1.1936395687711538,1.0,13.177076115492298
[18:48:04] [Server thread/WARN]: Can't keep up! Is the server overloaded? Running 6563ms or 131 ticks behind
[18:48:04] [Server thread/WARN]: Horse (vehicle of rafaath) moved too quickly! -4.650312826059434,0.0,9.06343640033765
[18:48:04] [Server thread/WARN]: Horse (vehicle of rafaath) moved too quickly! -4.725541272440019,0.0,9.467590516412827
[18:48:04] [Server thread/WARN]: Horse (vehicle of rafaath) moved too quickly! -4.799538900388889,0.0,9.874199328156806
[18:48:04] [Server thread/WARN]: Horse (vehicle of rafaath) moved too quickly! -4.872877941934817,0.0,10.282121598611866
[18:48:04] [Server thread/WARN]: Horse (vehicle of rafaath) moved too quickly! -4.954802705897137,0.0,10.688943816462938
[18:48:04] [Server thread/WARN]: Horse (vehicle of rafaath) moved too quickly! -5.046726253262165,0.0,11.093871968056476
[18:48:04] [Server thread/WARN]: Horse (vehicle of rafaath) moved too quickly! -5.143999950271748,0.0,11.49778664255922
[18:48:04] [Server thread/WARN]: Horse (vehicle of rafaath) moved too quickly! -3.1285023857633973,-1.0,9.560431046239728
[18:48:04] [Server thread/WARN]: Horse (vehicle of rafaath) moved too quickly! -3.1550263089804957,-1.0,9.967246961822639
[18:48:04] [Server thread/WARN]: Horse (vehicle of rafaath) moved too quickly! -3.1798521647537825,-1.0,10.377955224117159
[18:48:04] [Server thread/WARN]: Horse (vehicle of rafaath) moved too quickly! -3.2037694184936925,-1.0,10.790746203532024
[18:48:04] [Server thread/WARN]: Horse (vehicle of rafaath) moved too quickly! -3.227200497401114,-1.0,11.204651603353113
[18:48:04] [Server thread/WARN]: Horse (vehicle of rafaath) moved too quickly! -3.2503714338489544,-1.0,11.619153307314377
[18:48:04] [Server thread/WARN]: Horse (vehicle of rafaath) moved too quickly! -3.2734031732533495,-1.0,12.033974081732083
[18:48:04] [Server thread/WARN]: Horse (vehicle of rafaath) moved too quickly! -1.1797952816490067,-2.738492209317357,9.785687664042314
[18:48:04] [Server thread/WARN]: Horse (vehicle of rafaath) moved too quickly! -1.23401990060718,-3.0,9.999341847454389
[18:48:04] [Server thread/WARN]: Horse (vehicle of rafaath) moved too quickly! -1.3304646567600997,-3.0,10.377124347693893
[18:48:04] [Server thread/WARN]: Horse (vehicle of rafaath) moved too quickly! -1.4301575624489047,-3.0768320014953616,10.76651392538298
[18:48:04] [Server thread/WARN]: Horse (vehicle of rafaath) moved too quickly! -1.4884570282334977,-3.227453458663007,10.993554711853847
[18:48:04] [Server thread/WARN]: Horse (vehicle of rafaath) moved too quickly! -1.5477540335025495,-3.4489423104376016,11.213928361882893
[18:48:04] [Server thread/WARN]: Horse (vehicle of rafaath) moved too quickly! -1.612283347012692,-3.738492209317357,11.425886515755167
[18:48:04] [Server thread/WARN]: Horse (vehicle of rafaath) moved too quickly! -1.6831017327825535,-4.0,11.628968189244233
[18:48:04] [Server thread/WARN]: Horse (vehicle of rafaath) moved too quickly! -1.8818910671954896,-4.0,11.947833052124565
[18:48:04] [Server thread/WARN]: Horse (vehicle of rafaath) moved too quickly! -2.130564082017699,-4.076832001495362,12.249304915757932
[18:48:04] [Server thread/WARN]: Horse (vehicle of rafaath) moved too quickly! -2.27889979389154,-4.227453458663007,12.422464920894697
[18:48:04] [Server thread/WARN]: Horse (vehicle of rafaath) moved too quickly! -2.4277223995057966,-4.448942310437602,12.586902364507637
[18:48:04] [Server thread/WARN]: Horse (vehicle of rafaath) moved too quickly! -2.5775275573902476,-4.738492209317357,12.742593720395405
[18:48:04] [Server thread/WARN]: Horse (vehicle of rafaath) moved too quickly! -2.728233177659547,-5.093407939109099,12.890439418243659
[18:48:04] [Server thread/WARN]: Horse (vehicle of rafaath) moved too quickly! 8.795972982162787,3.4489423104376016,-27.39186697478607
[18:48:04] [Server thread/WARN]: Horse (vehicle of rafaath) moved too quickly! 8.795972982162787,3.4489423104376016,-27.39186697478607
[18:48:04] [Server thread/WARN]: Horse (vehicle of rafaath) moved too quickly! 8.795972982162787,3.4489423104376016,-27.39186697478607
[18:48:04] [Server thread/WARN]: Horse (vehicle of rafaath) moved too quickly! 8.450697138872101,3.4489423104376016,-27.212260272888955
[18:48:04] [Server thread/WARN]: Horse (vehicle of rafaath) moved too quickly! 8.795972982162787,3.4489423104376016,-27.39186697478607
[18:48:04] [Server thread/WARN]: Horse (vehicle of rafaath) moved too quickly! 8.795972982162787,3.4489423104376016,-27.39186697478607
[18:48:04] [Server thread/WARN]: Horse (vehicle of rafaath) moved too quickly! 8.795972982162787,3.4489423104376016,-27.39186697478607
[18:48:04] [Server thread/WARN]: Horse (vehicle of rafaath) moved too quickly! 8.795972982162787,3.4489423104376016,-27.39186697478607
[18:48:04] [Server thread/WARN]: Horse (vehicle of rafaath) moved too quickly! 8.795972982162787,3.4489423104376016,-27.39186697478607
[18:48:04] [Server thread/WARN]: Horse (vehicle of rafaath) moved too quickly! 8.795972982162787,3.4489423104376016,-27.39186697478607
[18:48:04] [Server thread/WARN]: Horse (vehicle of rafaath) moved too quickly! 8.44304336616235,3.4489423104376016,-27.200426652814997
[18:48:04] [Server thread/WARN]: Horse (vehicle of rafaath) moved too quickly! 8.086773059964564,3.4489423104376016,-27.0013351883195
[18:48:04] [Server thread/WARN]: Horse (vehicle of rafaath) moved too quickly! 4.223188853453429,3.4489423104376016,-18.72799716083881
[18:48:04] [Server thread/WARN]: Horse (vehicle of rafaath) moved too quickly! 4.223188853453429,3.4489423104376016,-18.72799716083881
[18:48:04] [Server thread/WARN]: Horse (vehicle of rafaath) moved too quickly! 4.223188853453429,3.4489423104376016,-18.72799716083881
[18:48:04] [Server thread/WARN]: Horse (vehicle of rafaath) moved too quickly! 4.223188853453429,3.4489423104376016,-18.72799716083881
[18:48:04] [Server thread/WARN]: Horse (vehicle of rafaath) moved too quickly! 4.223188853453429,3.4489423104376016,-18.72799716083881
[18:48:04] [Server thread/WARN]: Horse (vehicle of rafaath) moved too quickly! 4.223188853453429,3.4489423104376016,-18.72799716083881
[18:48:04] [Server thread/WARN]: Horse (vehicle of rafaath) moved too quickly! 4.223188853453429,3.4489423104376016,-18.72799716083881
[18:48:04] [Server thread/WARN]: Horse (vehicle of rafaath) moved too quickly! 3.865131010537219,3.4489423104376016,-18.524811722525783
[18:48:04] [Server thread/WARN]: Horse (vehicle of rafaath) moved too quickly! 3.5061166923626175,3.4489423104376016,-18.319435680448066
[18:48:04] [Server thread/WARN]: Horse moved wrongly!
[18:48:04] [Server thread/WARN]: Horse moved wrongly!
[18:48:04] [Server thread/WARN]: Horse (vehicle of rafaath) moved too quickly! 3.501982004144317,6.0,-13.47971105422215
[18:48:04] [Server thread/WARN]: Horse (vehicle of rafaath) moved too quickly! 3.501982004144317,6.0,-13.47971105422215
[18:48:04] [Server thread/WARN]: Horse (vehicle of rafaath) moved too quickly! 3.501982004144317,6.0,-13.47971105422215
[18:48:04] [Server thread/WARN]: Horse (vehicle of rafaath) moved too quickly! 3.501982004144317,6.0,-13.47971105422215
[18:48:04] [Server thread/WARN]: Horse (vehicle of rafaath) moved too quickly! 3.501982004144317,6.0,-13.47971105422215
[18:48:04] [Server thread/WARN]: Horse (vehicle of rafaath) moved too quickly! 3.142455895129004,6.0,-13.273162863745881
[18:48:04] [Server thread/WARN]: Horse (vehicle of rafaath) moved too quickly! 2.7849818993631956,6.0,-13.062066019509075
[18:48:04] [Server thread/WARN]: Horse moved wrongly!
[18:48:04] [Server thread/WARN]: Horse moved wrongly!
[18:48:04] [Server thread/WARN]: Horse moved wrongly!
[18:48:04] [Server thread/WARN]: Horse moved wrongly!
[18:48:04] [Server thread/WARN]: Horse moved wrongly!
[18:48:04] [Server thread/WARN]: Horse moved wrongly!
[18:48:04] [Server thread/WARN]: Horse moved wrongly!
[18:48:04] [Server thread/WARN]: Horse moved wrongly!
[18:48:04] [Server thread/WARN]: Horse moved wrongly!
[18:48:04] [Server thread/WARN]: Horse moved wrongly!
[18:48:04] [Server thread/WARN]: Horse moved wrongly!
[18:48:04] [Server thread/WARN]: Horse moved wrongly!
[18:48:04] [Server thread/WARN]: Horse moved wrongly!
[18:48:04] [Server thread/WARN]: Horse moved wrongly!
[18:48:04] [Server thread/WARN]: Horse moved wrongly!
[18:48:04] [Server thread/WARN]: Horse moved wrongly!
[18:48:35] [Server thread/WARN]: Can't keep up! Is the server overloaded? Running 2006ms or 40 ticks behind
[18:49:07] [Server thread/WARN]: Can't keep up! Is the server overloaded? Running 2006ms or 40 ticks behind
[18:49:26] [Server thread/WARN]: Can't keep up! Is the server overloaded? Running 3580ms or 71 ticks behind
[18:49:43] [Server thread/WARN]: Can't keep up! Is the server overloaded? Running 2749ms or 54 ticks behind
[18:50:36] [Server thread/WARN]: Can't keep up! Is the server overloaded? Running 2047ms or 40 ticks behind
[18:50:54] [Server thread/WARN]: Can't keep up! Is the server overloaded? Running 3249ms or 64 ticks behind
[18:51:42] [Server thread/INFO]: raj lost connection: Disconnected
[18:51:42] [Server thread/INFO]: raj left the game
[18:51:43] [Server thread/INFO]: nrohan09 lost connection: Disconnected
[18:51:43] [Server thread/INFO]: nrohan09 left the game
[18:51:50] [Server thread/INFO]: rafaath lost connection: Disconnected
[18:51:50] [Server thread/INFO]: rafaath left the game
[18:51:58] [Server thread/INFO]: raj[/192.168.1.105:49430] logged in with entity id 55803 at (772.9090789392976, 62.073264444366416, -8676.400682810812)
[18:51:58] [Server thread/INFO]: raj joined the game
[18:51:58] [Server thread/INFO]: nrohan09[/127.0.0.1:57242] logged in with entity id 55811 at (-46.74123466810869, 66.0, -272.8336887774842)
[18:51:58] [Server thread/INFO]: nrohan09 joined the game
[18:52:04] [Server thread/INFO]: rafaath[/192.168.1.130:50844] logged in with entity id 55994 at (-53.747364503021196, 72.0, -225.85403522837572)
[18:52:04] [Server thread/INFO]: rafaath joined the game
[18:52:24] [Server thread/WARN]: Can't keep up! Is the server overloaded? Running 2001ms or 40 ticks behind
[18:53:26] [Server thread/WARN]: nrohan09 moved too quickly! -9.038237680067947,0.2468000194787976,4.7294608568347485
[18:53:26] [Server thread/WARN]: Can't keep up! Is the server overloaded? Running 5053ms or 101 ticks behind
[18:55:24] [Server thread/WARN]: Can't keep up! Is the server overloaded? Running 2003ms or 40 ticks behind
[18:57:10] [Server thread/WARN]: Can't keep up! Is the server overloaded? Running 2009ms or 40 ticks behind
[18:57:28] [Server thread/WARN]: Can't keep up! Is the server overloaded? Running 2480ms or 49 ticks behind
[18:58:37] [Server thread/WARN]: Can't keep up! Is the server overloaded? Running 4461ms or 89 ticks behind
[19:01:43] [Server thread/WARN]: Can't keep up! Is the server overloaded? Running 2090ms or 41 ticks behind
[19:02:06] [Server thread/INFO]: rafaath was fireballed by Blaze
[19:02:40] [Server thread/WARN]: Can't keep up! Is the server overloaded? Running 2006ms or 40 ticks behind
[19:03:03] [Server thread/WARN]: Can't keep up! Is the server overloaded? Running 2008ms or 40 ticks behind
[19:03:21] [Server thread/WARN]: Can't keep up! Is the server overloaded? Running 2011ms or 40 ticks behind
[19:03:43] [Server thread/WARN]: Can't keep up! Is the server overloaded? Running 7242ms or 144 ticks behind
[19:03:49] [Server thread/INFO]: nrohan09 lost connection: Disconnected
[19:03:49] [Server thread/INFO]: nrohan09 left the game
[19:03:56] [Server thread/WARN]: Boat (vehicle of raj) moved too quickly! -4.088850633906077,0.0,-9.173144487980608
[19:03:56] [Server thread/WARN]: Boat (vehicle of raj) moved too quickly! -4.163383202011005,0.0,-9.422826196712776
[19:03:56] [Server thread/WARN]: Boat (vehicle of raj) moved too quickly! -4.230462511528458,0.0,-9.64753972861945
[19:03:56] [Server thread/WARN]: Boat (vehicle of raj) moved too quickly! -4.290833888494944,0.0,-9.849781901977622
[19:03:56] [Server thread/WARN]: Boat (vehicle of raj) moved too quickly! -4.345168126325348,0.0,-10.03179985317729
[19:03:56] [Server thread/WARN]: Boat (vehicle of raj) moved too quickly! -4.394068939077329,0.0,-10.19561600491761
[19:03:56] [Server thread/WARN]: Boat (vehicle of raj) moved too quickly! -4.43807966938823,0.0,-10.343050537578165
[19:03:56] [Server thread/WARN]: Boat (vehicle of raj) moved too quickly! -4.477689325618712,0.0,-10.475741613458013
[19:03:56] [Server thread/WARN]: Boat (vehicle of raj) moved too quickly! -4.513338015281761,0.0,-10.595163578585925
[19:03:56] [Server thread/WARN]: Boat (vehicle of raj) moved too quickly! -4.545421835128536,0.0,-10.702643344353419
[19:03:56] [Server thread/WARN]: Boat (vehicle of raj) moved too quickly! -4.574297272225749,0.0,-10.799375130982298
[19:03:56] [Server thread/WARN]: Boat (vehicle of raj) moved too quickly! -4.600285164924799,0.0,-10.886433736641266
[19:03:56] [Server thread/WARN]: Boat (vehicle of raj) moved too quickly! -4.623674267734373,0.0,-10.96478647965887
[19:03:56] [Server thread/WARN]: Boat (vehicle of raj) moved too quickly! -4.644724459705344,0.0,-11.035303946506247
[19:03:56] [Server thread/WARN]: Boat (vehicle of raj) moved too quickly! -4.663669631977314,0.0,-11.09876966498814
[19:03:56] [Server thread/WARN]: Boat (vehicle of raj) moved too quickly! -4.680720286570363,0.0,-11.155888810108081
[19:03:56] [Server thread/WARN]: Boat (vehicle of raj) moved too quickly! -4.696065875297677,0.0,-11.207296039354333
[19:03:56] [Server thread/WARN]: Boat (vehicle of raj) moved too quickly! -4.70987690478637,0.0,-11.253562544450688
[19:03:56] [Server thread/WARN]: Boat (vehicle of raj) moved too quickly! -2.069816194870782,0.0,-10.05306622637545
[19:03:56] [Server thread/WARN]: Boat (vehicle of raj) moved too quickly! -2.105527971998413,0.0,-10.390702992739534
[19:03:56] [Server thread/WARN]: Boat (vehicle of raj) moved too quickly! -2.1376685705618,0.0,-10.694576074418364
[19:03:56] [Server thread/WARN]: Boat (vehicle of raj) moved too quickly! -2.16659510850252,0.0,-10.968061840683731
[19:03:56] [Server thread/WARN]: Boat (vehicle of raj) moved too quickly! -2.191556416155663,0.0,-11.219082626996169
[19:03:56] [Server thread/WARN]: Boat (vehicle of raj) moved too quickly! -2.2129710332266086,0.0,-11.449889715157042
[19:03:56] [Server thread/WARN]: Boat (vehicle of raj) moved too quickly! -2.231298374067819,0.0,-11.662525817653659
[19:03:56] [Server thread/WARN]: Boat (vehicle of raj) moved too quickly! -2.2470285207253937,0.0,-11.858839519172761
[19:03:56] [Server thread/WARN]: Boat (vehicle of raj) moved too quickly! -2.2606717193252734,0.0,-12.040495362658476
[19:04:01] [Server thread/WARN]: Can't keep up! Is the server overloaded? Running 2866ms or 57 ticks behind
[19:04:32] [Server thread/INFO]: raj lost connection: Disconnected
[19:04:32] [Server thread/INFO]: raj left the game
[19:05:07] [Server thread/INFO]: rafaath lost connection: Disconnected
[19:05:07] [Server thread/INFO]: rafaath left the game
[19:05:15] [Server thread/INFO]: raj[/192.168.1.105:49438] logged in with entity id 63827 at (822.7319454601056, 62.0732652574645, -9585.485695409197)
[19:05:15] [Server thread/INFO]: raj joined the game
[19:05:17] [Server thread/INFO]: nrohan09[/127.0.0.1:59169] logged in with entity id 64047 at (-47.6094288278153, 66.0, -262.6339209700186)
[19:05:17] [Server thread/INFO]: nrohan09 joined the game
[19:05:20] [Server thread/INFO]: rafaath[/192.168.1.130:50884] logged in with entity id 64111 at (-41.713237009407045, 70.0, -67.30000001192091)
[19:05:20] [Server thread/INFO]: rafaath joined the game
[19:05:24] [Server thread/INFO]: raj lost connection: Disconnected
[19:05:24] [Server thread/INFO]: raj left the game
[19:05:29] [Server thread/INFO]: raj[/192.168.1.105:49441] logged in with entity id 64270 at (829.2701920566519, 62.0732652574645, -9628.529827852968)
[19:05:29] [Server thread/INFO]: raj joined the game
[19:05:40] [Server thread/WARN]: Can't keep up! Is the server overloaded? Running 2423ms or 48 ticks behind
[19:06:32] [Server thread/INFO]: rafaath was burnt to a crisp whilst fighting Blaze
[19:07:43] [Server thread/WARN]: Can't keep up! Is the server overloaded? Running 2001ms or 40 ticks behind
[19:09:06] [Server thread/WARN]: Can't keep up! Is the server overloaded? Running 6282ms or 125 ticks behind
[19:09:36] [Server thread/WARN]: Can't keep up! Is the server overloaded? Running 2023ms or 40 ticks behind
[19:10:09] [Server thread/WARN]: Can't keep up! Is the server overloaded? Running 2007ms or 40 ticks behind
[19:10:28] [Server thread/WARN]: Can't keep up! Is the server overloaded? Running 3811ms or 76 ticks behind
[19:14:20] [Server thread/WARN]: Can't keep up! Is the server overloaded? Running 6942ms or 138 ticks behind
[19:15:32] [Server thread/WARN]: Can't keep up! Is the server overloaded? Running 2033ms or 40 ticks behind
[19:16:21] [Server thread/INFO]: nrohan09 lost connection: Disconnected
[19:16:21] [Server thread/INFO]: nrohan09 left the game
[19:16:25] [Server thread/INFO]: Electromorphous has made the advancement [Not Today, Thank You]
[19:16:37] [Server thread/INFO]: raj lost connection: Disconnected
[19:16:37] [Server thread/INFO]: raj left the game
[19:17:31] [Server thread/INFO]: rafaath lost connection: Disconnected
[19:17:31] [Server thread/INFO]: rafaath left the game
[19:17:53] [Server thread/INFO]: nrohan09[/127.0.0.1:61012] logged in with entity id 69502 at (40.154958481473045, 69.0, -184.68901660679646)
[19:17:53] [Server thread/INFO]: nrohan09 joined the game
[19:17:59] [Server thread/INFO]: rafaath[/192.168.1.130:50914] logged in with entity id 69551 at (-54.524358056371774, 72.0, -230.13719630150058)
[19:17:59] [Server thread/INFO]: rafaath joined the game
[19:18:02] [Server thread/INFO]: raj[/192.168.1.105:49448] logged in with entity id 69591 at (497.7798716737411, 84.0, -10054.902945610469)
[19:18:02] [Server thread/INFO]: raj joined the game
[19:19:27] [Server thread/WARN]: raj moved too quickly! -2.399543796448313,0.49520087700592796,-9.926465077700414
[19:19:27] [Server thread/WARN]: nrohan09 moved too quickly! -5.100159277352493,0.1754232959521005,-8.866833232547975
[19:19:27] [Server thread/WARN]: Electromorphous moved too quickly! -8.340659514378931,1.0,5.752517791808458
[19:19:27] [Server thread/WARN]: Can't keep up! Is the server overloaded? Running 5072ms or 101 ticks behind
[19:24:33] [Server thread/WARN]: raj moved too quickly! 4.731223853145764,0.0,9.007394958029181
[19:24:33] [Server thread/WARN]: nrohan09 moved too quickly! 10.241310561818821,0.0,0.46188449726545855
[19:24:33] [Server thread/WARN]: Can't keep up! Is the server overloaded? Running 5799ms or 115 ticks behind
[19:24:33] [Server thread/WARN]: Electromorphous moved too quickly! -8.609061946320402,0.0,5.475706679580895
[19:29:19] [Server thread/INFO]: Electromorphous lost connection: Disconnected
[19:29:19] [Server thread/INFO]: Electromorphous left the game
[19:29:31] [Server thread/INFO]: Electromorphous[/192.168.1.125:50375] logged in with entity id 74303 at (-15.568361812178305, 11.0, -337.8326017683617)
[19:29:31] [Server thread/INFO]: Electromorphous joined the game
[19:29:38] [Server thread/WARN]: Can't keep up! Is the server overloaded? Running 4409ms or 88 ticks behind
[19:31:57] [Server thread/INFO]: rafaath has made the advancement [Enchanter]
[19:32:27] [Server thread/WARN]: Can't keep up! Is the server overloaded? Running 2007ms or 40 ticks behind
[19:32:48] [Server thread/WARN]: Can't keep up! Is the server overloaded? Running 2023ms or 40 ticks behind
[19:33:44] [Server thread/WARN]: Can't keep up! Is the server overloaded? Running 2036ms or 40 ticks behind
[19:34:02] [Server thread/WARN]: Can't keep up! Is the server overloaded? Running 2751ms or 55 ticks behind
[19:34:21] [Server thread/WARN]: Can't keep up! Is the server overloaded? Running 3975ms or 79 ticks behind
[19:34:38] [Server thread/WARN]: Can't keep up! Is the server overloaded? Running 2007ms or 40 ticks behind
[19:34:59] [Server thread/WARN]: raj moved too quickly! 9.946097582374279,-1.0,-2.1686944269222295
[19:34:59] [Server thread/WARN]: nrohan09 moved too quickly! 0.8040955965976195,0.0,10.159493177071937
[19:34:59] [Server thread/WARN]: Can't keep up! Is the server overloaded? Running 6277ms or 125 ticks behind
[19:37:40] [Server thread/WARN]: Can't keep up! Is the server overloaded? Running 2010ms or 40 ticks behind
[19:37:57] [Server thread/WARN]: Can't keep up! Is the server overloaded? Running 2834ms or 56 ticks behind
[19:38:16] [Server thread/WARN]: Can't keep up! Is the server overloaded? Running 3966ms or 79 ticks behind
[19:38:35] [Server thread/WARN]: Can't keep up! Is the server overloaded? Running 3611ms or 72 ticks behind
[19:38:53] [Server thread/WARN]: Can't keep up! Is the server overloaded? Running 2832ms or 56 ticks behind
[19:39:10] [Server thread/WARN]: Can't keep up! Is the server overloaded? Running 2642ms or 52 ticks behind
[19:39:19] [Server thread/INFO]: Electromorphous tried to swim in lava
[19:39:31] [Server thread/WARN]: Can't keep up! Is the server overloaded? Running 2002ms or 40 ticks behind
[19:39:50] [Server thread/WARN]: Can't keep up! Is the server overloaded? Running 4156ms or 83 ticks behind
[19:40:08] [Server thread/WARN]: Can't keep up! Is the server overloaded? Running 3122ms or 62 ticks behind
[19:40:28] [Server thread/WARN]: Can't keep up! Is the server overloaded? Running 5018ms or 100 ticks behind
[19:40:37] [Server thread/WARN]: Boat (vehicle of raj) moved too quickly! 5.046749711157787,0.0,8.722898932572207
[19:40:37] [Server thread/WARN]: Boat (vehicle of raj) moved too quickly! 5.156935799728217,0.0,9.101520981676003
[19:40:37] [Server thread/WARN]: Boat (vehicle of raj) moved too quickly! 5.262790562658793,0.0,9.481717857528565
[19:40:37] [Server thread/WARN]: Boat (vehicle of raj) moved too quickly! 5.364580710394975,0.0,9.86335993513967
[19:40:37] [Server thread/WARN]: Boat (vehicle of raj) moved too quickly! 5.462561311083661,0.0,10.246327411598031
[19:40:37] [Server thread/WARN]: Boat (vehicle of raj) moved too quickly! 5.556976985071401,0.0,10.630509495233127
[19:40:37] [Server thread/WARN]: Boat (vehicle of raj) moved too quickly! 5.648062977158602,0.0,11.015803664675332
[19:40:37] [Server thread/WARN]: Boat (vehicle of raj) moved too quickly! 5.73604232416065,0.0,11.402115549628434
[19:40:37] [Server thread/WARN]: Boat (vehicle of raj) moved too quickly! 5.821127092004815,0.0,11.789358216348774
[19:40:37] [Server thread/WARN]: Boat (vehicle of raj) moved too quickly! 1.398495261581374,0.0,10.296855263455654
[19:40:37] [Server thread/WARN]: Boat (vehicle of raj) moved too quickly! 1.449431587307643,0.0,10.693536458371455
[19:40:37] [Server thread/WARN]: Boat (vehicle of raj) moved too quickly! 1.500292478109543,0.0,11.09023349589188
[19:40:37] [Server thread/WARN]: Boat (vehicle of raj) moved too quickly! 1.551081673028591,0.0,11.486945272317826
[19:40:37] [Server thread/WARN]: Boat (vehicle of raj) moved too quickly! 1.601806341654779,0.0,11.883670313760376
[19:40:37] [Server thread/WARN]: Boat (vehicle of raj) moved too quickly! 1.6524729366189348,0.0,12.280407293716053
[19:40:37] [Server thread/WARN]: Boat (vehicle of raj) moved too quickly! 1.3114491809029545,0.0,10.316325356005109
[19:40:37] [Server thread/WARN]: Boat (vehicle of raj) moved too quickly! 1.3615921038391434,0.0,10.713165377243058
[19:40:37] [Server thread/WARN]: Boat (vehicle of raj) moved too quickly! 1.4117275187907268,0.0,11.110006800136034
[19:40:37] [Server thread/WARN]: Boat (vehicle of raj) moved too quickly! 1.4618561765563527,0.0,11.50684948451999
[19:40:37] [Server thread/WARN]: Boat (vehicle of raj) moved too quickly! 1.5119787528547732,0.0,11.90369330424619
[19:40:37] [Server thread/WARN]: Boat (vehicle of raj) moved too quickly! 1.562095855832851,0.0,12.300538145778773
[19:40:37] [Server thread/WARN]: Boat (vehicle of raj) moved too quickly! 1.612208032822764,0.0,12.69738390693783
[19:40:37] [Server thread/WARN]: Boat (vehicle of raj) moved too quickly! 1.6623157764234406,0.0,13.094230495760712
[19:40:37] [Server thread/WARN]: Boat (vehicle of raj) moved too quickly! 1.7124195299739,0.0,13.491077829481583
[19:40:37] [Server thread/WARN]: Boat (vehicle of raj) moved too quickly! 1.7625196924792732,0.0,13.887925833611007
[19:40:37] [Server thread/WARN]: Boat (vehicle of raj) moved too quickly! 1.8126166230441498,0.0,14.284774441106492
[19:40:37] [Server thread/WARN]: Boat (vehicle of raj) moved too quickly! -4.538346472383239,0.0,-29.141944616119872
[19:40:37] [Server thread/WARN]: Boat (vehicle of raj) moved too quickly! -4.538346472383239,0.0,-29.141944616119872
[19:40:37] [Server thread/WARN]: Boat (vehicle of raj) moved too quickly! -4.538346472383239,0.0,-29.141944616119872
[19:40:37] [Server thread/WARN]: Boat (vehicle of raj) moved too quickly! -4.538346472383239,0.0,-29.141944616119872
[19:40:37] [Server thread/WARN]: Boat (vehicle of raj) moved too quickly! -4.538346472383239,0.0,-29.141944616119872
[19:40:37] [Server thread/WARN]: Boat (vehicle of raj) moved too quickly! -4.538346472383239,0.0,-29.141944616119872
[19:40:37] [Server thread/WARN]: Boat (vehicle of raj) moved too quickly! -4.538346472383239,0.0,-29.141944616119872
[19:40:37] [Server thread/WARN]: Boat (vehicle of raj) moved too quickly! -4.538346472383239,0.0,-29.141944616119872
[19:40:37] [Server thread/WARN]: Boat (vehicle of raj) moved too quickly! -4.538346472383239,0.0,-29.141944616119872
[19:40:37] [Server thread/WARN]: Boat (vehicle of raj) moved too quickly! -4.517183996781689,0.0,-28.744007476941988
[19:40:37] [Server thread/WARN]: Boat (vehicle of raj) moved too quickly! -4.491897057697415,0.0,-28.346353893033665
[19:40:37] [Server thread/WARN]: Boat (vehicle of raj) moved too quickly! -4.463353062899266,0.0,-27.948886326495995
[19:40:37] [Server thread/WARN]: Boat (vehicle of raj) moved too quickly! -4.432291640163626,0.0,-27.551527874793464
[19:40:56] [Server thread/WARN]: Can't keep up! Is the server overloaded? Running 13091ms or 261 ticks behind
[19:41:18] [Server thread/WARN]: Can't keep up! Is the server overloaded? Running 6395ms or 127 ticks behind
[19:41:37] [Server thread/WARN]: Can't keep up! Is the server overloaded? Running 4616ms or 92 ticks behind
[19:41:57] [Server thread/WARN]: Can't keep up! Is the server overloaded? Running 4722ms or 94 ticks behind
[19:42:35] [Server thread/WARN]: Can't keep up! Is the server overloaded? Running 2006ms or 40 ticks behind
[19:43:05] [Server thread/WARN]: Can't keep up! Is the server overloaded? Running 2027ms or 40 ticks behind
[19:43:09] [Server thread/INFO]: raj lost connection: Disconnected
[19:43:09] [Server thread/INFO]: raj left the game
[19:43:25] [Server thread/INFO]: raj[/192.168.1.105:49462] logged in with entity id 83429 at (-196.8775291846116, 62.07326503395414, -7408.781648881224)
[19:43:25] [Server thread/INFO]: raj joined the game
[19:44:12] [Server thread/WARN]: Can't keep up! Is the server overloaded? Running 2012ms or 40 ticks behind
[19:45:02] [Server thread/WARN]: Can't keep up! Is the server overloaded? Running 2028ms or 40 ticks behind
[19:45:21] [Server thread/WARN]: Can't keep up! Is the server overloaded? Running 4675ms or 93 ticks behind
[19:45:39] [Server thread/WARN]: Can't keep up! Is the server overloaded? Running 2830ms or 56 ticks behind
[19:45:57] [Server thread/WARN]: Can't keep up! Is the server overloaded? Running 2671ms or 53 ticks behind
[19:46:21] [Server thread/WARN]: rafaath moved too quickly! -2.425820748831484,2.024424088213692,-9.645688955283902
[19:46:21] [Server thread/WARN]: Can't keep up! Is the server overloaded? Running 3809ms or 76 ticks behind
[19:49:19] [Server thread/WARN]: Can't keep up! Is the server overloaded? Running 2011ms or 40 ticks behind
[19:49:36] [Server thread/WARN]: Can't keep up! Is the server overloaded? Running 2027ms or 40 ticks behind
[19:49:58] [Server thread/WARN]: Can't keep up! Is the server overloaded? Running 2040ms or 40 ticks behind
[19:50:52] [Server thread/INFO]: nrohan09 lost connection: Disconnected
[19:50:52] [Server thread/INFO]: nrohan09 left the game
[19:50:57] [Server thread/INFO]: rafaath lost connection: Disconnected
[19:50:57] [Server thread/INFO]: rafaath left the game
[19:51:31] [Server thread/WARN]: Boat (vehicle of raj) moved too quickly! -10.396864931101703,0.0,-0.25522808726691437
[19:51:31] [Server thread/WARN]: Boat (vehicle of raj) moved too quickly! -10.796744351040843,0.0,-0.26504457207738596
[19:51:31] [Server thread/WARN]: Boat (vehicle of raj) moved too quickly! -11.196623770969325,0.0,-0.274861057324415
[19:51:31] [Server thread/WARN]: Boat (vehicle of raj) moved too quickly! -11.5965031908882,0.0,-0.2846775429634363
[19:51:31] [Server thread/WARN]: Boat (vehicle of raj) moved too quickly! -11.996382610798406,0.0,-0.2944940289553415
[19:51:31] [Server thread/WARN]: Boat (vehicle of raj) moved too quickly! -12.396262030700854,0.0,-0.30431051526556985
[19:51:31] [Server thread/WARN]: Boat (vehicle of raj) moved too quickly! -12.79614145059628,0.0,-0.31412700186137954
[19:51:31] [Server thread/WARN]: Boat (vehicle of raj) moved too quickly! -13.196020870485398,0.0,-0.32394348871457623
[19:51:31] [Server thread/WARN]: Boat (vehicle of raj) moved too quickly! -13.595900290368832,0.0,-0.3337599757996941
[19:51:31] [Server thread/WARN]: Boat (vehicle of raj) moved too quickly! -13.995779710247177,0.0,-0.3435764630930862
[19:51:31] [Server thread/WARN]: Boat (vehicle of raj) moved too quickly! -14.395659130120919,0.0,-0.35339295057474374
[19:51:31] [Server thread/WARN]: Boat (vehicle of raj) moved too quickly! -14.79553854999051,0.0,-0.3632094382246578
[19:51:31] [Server thread/WARN]: Boat (vehicle of raj) moved too quickly! -15.195417969856408,0.0,-0.37302592602645746
[19:51:31] [Server thread/WARN]: Boat (vehicle of raj) moved too quickly! -15.595297389718922,0.0,-0.3828424139655908
[19:51:31] [Server thread/WARN]: Boat (vehicle of raj) moved too quickly! -15.995176809578453,0.0,-0.392658902027506
[19:51:31] [Server thread/WARN]: Boat (vehicle of raj) moved too quickly! -16.395056229435255,0.0,-0.4024753902003795
[19:51:31] [Server thread/WARN]: Boat (vehicle of raj) moved too quickly! -16.794935649289613,0.0,-0.4122918784732974
[19:51:31] [Server thread/WARN]: Boat (vehicle of raj) moved too quickly! -17.194815069141754,0.0,-0.4221083668353458
[19:51:31] [Server thread/WARN]: Boat (vehicle of raj) moved too quickly! -17.594694488991934,0.0,-0.43192485527833924
[19:51:31] [Server thread/WARN]: Boat (vehicle of raj) moved too quickly! -17.994573908840337,0.0,-0.44174134379409224
[19:51:31] [Server thread/WARN]: Boat (vehicle of raj) moved too quickly! -18.394453328687135,0.0,-0.45155783237532887
[19:51:31] [Server thread/WARN]: Boat (vehicle of raj) moved too quickly! -18.794332748532483,0.0,-0.46137432101568265
[19:51:31] [Server thread/WARN]: Boat (vehicle of raj) moved too quickly! -19.194212168376538,0.0,-0.47119080970878713
[19:51:31] [Server thread/WARN]: Boat (vehicle of raj) moved too quickly! -19.594091588219428,0.0,-0.4810072984500948
[19:51:31] [Server thread/WARN]: Boat (vehicle of raj) moved too quickly! -19.993971008061266,0.0,-0.49082378723414877
[19:51:31] [Server thread/WARN]: Boat (vehicle of raj) moved too quickly! -20.39385042790215,0.0,-0.5006402760564015
[19:51:31] [Server thread/WARN]: Boat (vehicle of raj) moved too quickly! -20.793729847742185,0.0,-0.5104567649141245
[19:51:31] [Server thread/WARN]: Boat (vehicle of raj) moved too quickly! -21.19360926758145,0.0,-0.5202732538027703
[19:51:31] [Server thread/WARN]: Boat (vehicle of raj) moved too quickly! -21.593488687420034,0.0,-0.5300897427196105
[19:51:31] [Server thread/WARN]: Boat (vehicle of raj) moved too quickly! -21.993368107257993,0.0,-0.5399062316619165
[19:51:31] [Server thread/WARN]: Boat (vehicle of raj) moved too quickly! -22.393247527095397,0.0,-0.5497227206269599
[19:51:31] [Server thread/WARN]: Boat (vehicle of raj) moved too quickly! -22.79312694693229,0.0,-0.5595392096120122
[19:51:31] [Server thread/WARN]: Boat (vehicle of raj) moved too quickly! -23.193006366768728,0.0,-0.5693556986161639
[19:51:31] [Server thread/WARN]: Boat (vehicle of raj) moved too quickly! -23.592885786604768,0.0,-0.5791721876366864
[19:51:31] [Server thread/WARN]: Boat (vehicle of raj) moved too quickly! -23.99276520644044,0.0,-0.5889886766726704
[19:51:31] [Server thread/WARN]: Boat (vehicle of raj) moved too quickly! -24.392644626275782,0.0,-0.5988051657213873
[19:51:31] [Server thread/WARN]: Boat (vehicle of raj) moved too quickly! -24.792524046110827,0.0,-0.6086216547828371
[19:51:31] [Server thread/WARN]: Boat (vehicle of raj) moved too quickly! -25.192403465945603,0.0,-0.6184381438552009
[19:51:31] [Server thread/WARN]: Boat (vehicle of raj) moved too quickly! -25.592282885780136,0.0,-0.6282546329366596
[19:51:31] [Server thread/WARN]: Boat (vehicle of raj) moved too quickly! -25.992162305614457,0.0,-0.6380711220272133
[19:51:31] [Server thread/WARN]: Boat (vehicle of raj) moved too quickly! -26.39204172544858,0.0,-0.6478876111259524
[19:51:31] [Server thread/WARN]: Boat (vehicle of raj) moved too quickly! -26.79192114528253,0.0,-0.6577041002319675
[19:51:31] [Server thread/WARN]: Boat (vehicle of raj) moved too quickly! -27.191800565116324,0.0,-0.667520589344349
[19:51:31] [Server thread/WARN]: Boat (vehicle of raj) moved too quickly! -27.591679984949977,0.0,-0.6773370784621875
[19:51:31] [Server thread/WARN]: Boat (vehicle of raj) moved too quickly! -27.9915594047835,0.0,-0.687153567585483
[19:51:31] [Server thread/WARN]: Boat (vehicle of raj) moved too quickly! -28.3914388246169,0.0,-0.6969700567133259
[19:51:31] [Server thread/WARN]: Boat (vehicle of raj) moved too quickly! -10.39686493098398,0.0,-0.2552280920726844
[19:51:31] [Server thread/WARN]: Can't keep up! Is the server overloaded? Running 3559ms or 71 ticks behind
[19:52:58] [Server thread/INFO]: raj has made the advancement [Diamonds!]
[19:53:08] [Server thread/INFO]: Electromorphous lost connection: Disconnected
[19:53:08] [Server thread/INFO]: Electromorphous left the game
[20:01:33] [Server thread/WARN]: raj moved too quickly! 1.41635029700916,0.0,9.946684359362735
[20:02:43] [Server thread/INFO]: raj lost connection: Disconnected
[20:02:43] [Server thread/INFO]: raj left the game
[22:20:55] [Server thread/WARN]: Can't keep up! Is the server overloaded? Running 1115090ms or 22301 ticks behind
[22:21:25] [Server thread/INFO]: Stopping server
[22:21:25] [Server thread/INFO]: Saving players
[22:21:25] [Server thread/INFO]: Saving worlds
[22:21:25] [Server thread/INFO]: Saving chunks for level 'world'/minecraft:the_end
[22:21:25] [Server thread/INFO]: ThreadedAnvilChunkStorage (DIM1): All chunks are saved
[22:21:25] [Server thread/INFO]: Saving chunks for level 'world'/minecraft:overworld
[22:21:25] [Server thread/INFO]: ThreadedAnvilChunkStorage (world): All chunks are saved
[22:21:25] [Server thread/INFO]: Saving chunks for level 'world'/minecraft:the_nether
[22:21:25] [Server thread/INFO]: ThreadedAnvilChunkStorage (DIM-1): All chunks are saved
[22:21:25] [Server thread/INFO]: ThreadedAnvilChunkStorage (DIM1): All chunks are saved
[22:21:25] [Server thread/INFO]: ThreadedAnvilChunkStorage (world): All chunks are saved
[22:21:25] [Server thread/INFO]: ThreadedAnvilChunkStorage (DIM-1): All chunks are saved
